{"name": "Complete a series of tasks on the platform", "status": "broken", "statusDetails": {"message": "selenium.common.exceptions.NoSuchWindowException: Message: no such window: target window already closed\nfrom unknown error: web view not found\n  (Session info: chrome=130.0.6723.92)\nStacktrace:\n\tGetHandleVerifier [0x007AEBD3+24307]\n\t(No symbol) [0x00738D74]\n\t(No symbol) [0x0061C323]\n\t(No symbol) [0x005FE00B]\n\t(No symbol) [0x00685F6F]\n\t(No symbol) [0x00698EC9]\n\t(No symbol) [0x0067FC26]\n\t(No symbol) [0x0065219C]\n\t(No symbol) [0x0065311D]\n\tGetHandleVerifier [0x00A58D93+2818227]\n\tGetHandleVerifier [0x00AB542E+3196750]\n\tGetHandleVerifier [0x00AAD9D2+3165426]\n\tGetHandleVerifier [0x0084DA70+675216]\n\t(No symbol) [0x00741B3D]\n\t(No symbol) [0x0073EA18]\n\t(No symbol) [0x0073EBB5]\n\t(No symbol) [0x00731640]\n\tBaseThreadInitThunk [0x76D77BA9+25]\n\tRtlInitializeExceptionChain [0x77DEC0CB+107]\n\tRtlClearBits [0x77DEC04F+191]\n\n", "trace": "  File \"C:\\Users\\abhis\\BDD_Assignment\\.venv\\Lib\\site-packages\\behave\\model.py\", line 1329, in run\n    match.run(runner.context)\n  File \"C:\\Users\\abhis\\BDD_Assignment\\.venv\\Lib\\site-packages\\behave\\matchers.py\", line 98, in run\n    self.func(context, *args, **kwargs)\n  File \"features\\steps\\login_steps.py\", line 19, in step_log_in_with_pin\n    context.login_page.enter_pin(\"WVMVHWBS\")\n  File \"C:\\Users\\abhis\\BDD_Assignment\\pages\\login_page.py\", line 20, in enter_pin\n    button = WebDriverWait(self.driver, 10).until(EC.visibility_of_element_located((By.XPATH, \"// span[ @class ='cc-1x4xm cc-sdm9t']\")))\n             ^^^^^^^^^^^^^^^^^^^^^^^^^^^^^^^^^^^^^^^^^^^^^^^^^^^^^^^^^^^^^^^^^^^^^^^^^^^^^^^^^^^^^^^^^^^^^^^^^^^^^^^^^^^^^^^^^^^^^^^^^^^\n  File \"C:\\Users\\abhis\\BDD_Assignment\\.venv\\Lib\\site-packages\\selenium\\webdriver\\support\\wait.py\", line 96, in until\n    value = method(self._driver)\n            ^^^^^^^^^^^^^^^^^^^^\n  File \"C:\\Users\\abhis\\BDD_Assignment\\.venv\\Lib\\site-packages\\selenium\\webdriver\\support\\expected_conditions.py\", line 156, in _predicate\n    return _element_if_visible(driver.find_element(*locator))\n                               ^^^^^^^^^^^^^^^^^^^^^^^^^^^^^\n  File \"C:\\Users\\abhis\\BDD_Assignment\\.venv\\Lib\\site-packages\\selenium\\webdriver\\remote\\webdriver.py\", line 766, in find_element\n    return self.execute(Command.FIND_ELEMENT, {\"using\": by, \"value\": value})[\"value\"]\n           ^^^^^^^^^^^^^^^^^^^^^^^^^^^^^^^^^^^^^^^^^^^^^^^^^^^^^^^^^^^^^^^^^\n  File \"C:\\Users\\abhis\\BDD_Assignment\\.venv\\Lib\\site-packages\\selenium\\webdriver\\remote\\webdriver.py\", line 380, in execute\n    self.error_handler.check_response(response)\n  File \"C:\\Users\\abhis\\BDD_Assignment\\.venv\\Lib\\site-packages\\selenium\\webdriver\\remote\\errorhandler.py\", line 229, in check_response\n    raise exception_class(message, screen, stacktrace)\n"}, "steps": [{"name": "Given I am on the FYC login page", "status": "passed", "start": 1731059421366, "stop": 1731059426590}, {"name": "When I log in using the provided PIN", "status": "broken", "statusDetails": {"message": "selenium.common.exceptions.NoSuchWindowException: Message: no such window: target window already closed\nfrom unknown error: web view not found\n  (Session info: chrome=130.0.6723.92)\nStacktrace:\n\tGetHandleVerifier [0x007AEBD3+24307]\n\t(No symbol) [0x00738D74]\n\t(No symbol) [0x0061C323]\n\t(No symbol) [0x005FE00B]\n\t(No symbol) [0x00685F6F]\n\t(No symbol) [0x00698EC9]\n\t(No symbol) [0x0067FC26]\n\t(No symbol) [0x0065219C]\n\t(No symbol) [0x0065311D]\n\tGetHandleVerifier [0x00A58D93+2818227]\n\tGetHandleVerifier [0x00AB542E+3196750]\n\tGetHandleVerifier [0x00AAD9D2+3165426]\n\tGetHandleVerifier [0x0084DA70+675216]\n\t(No symbol) [0x00741B3D]\n\t(No symbol) [0x0073EA18]\n\t(No symbol) [0x0073EBB5]\n\t(No symbol) [0x00731640]\n\tBaseThreadInitThunk [0x76D77BA9+25]\n\tRtlInitializeExceptionChain [0x77DEC0CB+107]\n\tRtlClearBits [0x77DEC04F+191]\n\n", "trace": "  File \"C:\\Users\\abhis\\BDD_Assignment\\.venv\\Lib\\site-packages\\behave\\model.py\", line 1329, in run\n    match.run(runner.context)\n  File \"C:\\Users\\abhis\\BDD_Assignment\\.venv\\Lib\\site-packages\\behave\\matchers.py\", line 98, in run\n    self.func(context, *args, **kwargs)\n  File \"features\\steps\\login_steps.py\", line 19, in step_log_in_with_pin\n    context.login_page.enter_pin(\"WVMVHWBS\")\n  File \"C:\\Users\\abhis\\BDD_Assignment\\pages\\login_page.py\", line 20, in enter_pin\n    button = WebDriverWait(self.driver, 10).until(EC.visibility_of_element_located((By.XPATH, \"// span[ @class ='cc-1x4xm cc-sdm9t']\")))\n             ^^^^^^^^^^^^^^^^^^^^^^^^^^^^^^^^^^^^^^^^^^^^^^^^^^^^^^^^^^^^^^^^^^^^^^^^^^^^^^^^^^^^^^^^^^^^^^^^^^^^^^^^^^^^^^^^^^^^^^^^^^^\n  File \"C:\\Users\\abhis\\BDD_Assignment\\.venv\\Lib\\site-packages\\selenium\\webdriver\\support\\wait.py\", line 96, in until\n    value = method(self._driver)\n            ^^^^^^^^^^^^^^^^^^^^\n  File \"C:\\Users\\abhis\\BDD_Assignment\\.venv\\Lib\\site-packages\\selenium\\webdriver\\support\\expected_conditions.py\", line 156, in _predicate\n    return _element_if_visible(driver.find_element(*locator))\n                               ^^^^^^^^^^^^^^^^^^^^^^^^^^^^^\n  File \"C:\\Users\\abhis\\BDD_Assignment\\.venv\\Lib\\site-packages\\selenium\\webdriver\\remote\\webdriver.py\", line 766, in find_element\n    return self.execute(Command.FIND_ELEMENT, {\"using\": by, \"value\": value})[\"value\"]\n           ^^^^^^^^^^^^^^^^^^^^^^^^^^^^^^^^^^^^^^^^^^^^^^^^^^^^^^^^^^^^^^^^^\n  File \"C:\\Users\\abhis\\BDD_Assignment\\.venv\\Lib\\site-packages\\selenium\\webdriver\\remote\\webdriver.py\", line 380, in execute\n    self.error_handler.check_response(response)\n  File \"C:\\Users\\abhis\\BDD_Assignment\\.venv\\Lib\\site-packages\\selenium\\webdriver\\remote\\errorhandler.py\", line 229, in check_response\n    raise exception_class(message, screen, stacktrace)\n"}, "start": 1731059426591, "stop": 1731059429240}, {"name": "Given Iam at homepage", "status": "skipped", "start": 1731059429241, "stop": 1731059429241}, {"name": "Given I navigate to the Test Automation Project", "status": "skipped", "start": 1731059429241, "stop": 1731059429241}, {"name": "Then I switch to the Details tab", "status": "skipped", "start": 1731059429241, "stop": 1731059429241}, {"name": "Then I return to the Videos tab", "status": "skipped", "start": 1731059429241, "stop": 1731059429241}, {"name": "Then I play the video", "status": "skipped", "start": 1731059429241, "stop": 1731059429241}, {"name": "Given I am in videoplayer", "status": "skipped", "start": 1731059429241, "stop": 1731059429241}, {"name": "Then Pause video", "status": "skipped", "start": 1731059429241, "stop": 1731059429241}, {"name": "Then I replay the video using the Continue Watching button", "status": "skipped", "start": 1731059429241, "stop": 1731059429241}, {"name": "Then I adjust the volume to 50 percent", "status": "skipped", "start": 1731059429241, "stop": 1731059429241}, {"name": "Then I change the video resolution to 480p and back to 720p", "status": "skipped", "start": 1731059429241, "stop": 1731059429241}, {"name": "Then exit the videoplayer", "status": "skipped", "start": 1731059429241, "stop": 1731059429241}, {"name": "Given Iam at homepage", "status": "skipped", "start": 1731059429241, "stop": 1731059429241}, {"name": "Then I log out of the platform", "status": "skipped", "start": 1731059429241, "stop": 1731059429241}], "start": 1731059421365, "stop": 1731059429241, "uuid": "984ee4ec-affa-4a92-9532-6f8a67ea81af", "historyId": "d504bda84ff09dedac669d0e3c66b2cd", "fullName": "Automate tasks on the FYC platform: Complete a series of tasks on the platform", "labels": [{"name": "severity", "value": "normal"}, {"name": "feature", "value": "Automate tasks on the FYC platform"}, {"name": "framework", "value": "behave"}, {"name": "language", "value": "cpython3"}]}